<?xml version="1.0" encoding="UTF-8"?>
<!-- Generated by org.testng.reporters.JUnitReportReporter -->
<testsuite hostname="nehla" failures="0" tests="1" name="testpkg.Testpage" time="68.772" errors="0" timestamp="2024-11-30T02:04:37 IST" skipped="0">
  <testcase classname="testpkg.Testpage" name="testwebsite" time="68.772"/>
  <system-out/>
</testsuite> <!-- testpkg.Testpage -->
